<?xml version="1.0" encoding="UTF-8"?>
<!-- Generated by org.testng.reporters.JUnitReportReporter -->
<testsuite hostname="AKSHAY000111" failures="0" tests="1" name="Validate_Frames.HandleFrams" time="19.337" errors="0" timestamp="2021-01-03T15:56:04 IST" skipped="0">
  <testcase classname="Validate_Frames.HandleFrams" name="iframes" time="19.337"/>
  <system-out/>
</testsuite> <!-- Validate_Frames.HandleFrams -->
