<?xml version="1.0" encoding="UTF-8"?>
<!-- Generated by org.testng.reporters.JUnitReportReporter -->
<testsuite hostname="AKSHAY000111" failures="0" tests="1" name="CaptureScreenshots.CaptureScreenshot" time="16.010" errors="0" timestamp="2021-01-03T11:26:19 IST" skipped="0">
  <testcase classname="CaptureScreenshots.CaptureScreenshot" name="screenshots" time="16.010"/>
  <system-out/>
</testsuite> <!-- CaptureScreenshots.CaptureScreenshot -->
