<?xml version="1.0" encoding="UTF-8"?>
<!-- Generated by org.testng.reporters.JUnitReportReporter -->
<testsuite hostname="AKSHAY000111" failures="0" tests="1" name="ValidateErrorMessage.VerifyErrorMessageByGetAttribute" time="13.958" errors="0" timestamp="2021-01-02T23:42:14 IST" skipped="0">
  <testcase classname="ValidateErrorMessage.VerifyErrorMessageByGetAttribute" name="verifyErrorMessage" time="13.958"/>
  <system-out/>
</testsuite> <!-- ValidateErrorMessage.VerifyErrorMessageByGetAttribute -->
