<?xml version="1.0" encoding="UTF-8"?>
<!-- Generated by org.testng.reporters.JUnitReportReporter -->
<testsuite hostname="AKSHAY000111" failures="0" tests="1" name="ScrollerOnWebPage.ScrollinView" time="20.092" errors="0" timestamp="2021-01-20T11:17:00 IST" skipped="0">
  <testcase classname="ScrollerOnWebPage.ScrollinView" name="viewScrill" time="20.092"/>
  <system-out/>
</testsuite> <!-- ScrollerOnWebPage.ScrollinView -->
