<?xml version="1.0" encoding="UTF-8"?>
<!-- Generated by org.testng.reporters.JUnitReportReporter -->
<testsuite hostname="AKSHAY000111" failures="0" tests="2" name="ValidateTitle.VerifyWithPageSources" time="31.915" errors="0" timestamp="2021-01-02T15:27:03 IST" skipped="0">
  <testcase classname="ValidateTitle.VerifyWithPageSources" name="VerfiyTitleOne" time="17.295"/>
  <system-out/>
  <testcase classname="ValidateTitle.VerifyWithPageSources" name="VerfiyTitleTwo" time="14.620"/>
  <system-out/>
</testsuite> <!-- ValidateTitle.VerifyWithPageSources -->
