<?xml version="1.0" encoding="UTF-8"?>
<!-- Generated by org.testng.reporters.JUnitReportReporter -->
<testsuite hostname="AKSHAY000111" failures="0" tests="1" name="CaptureScreenshots.TakeSSfromUtilityClass" time="32.244" errors="0" timestamp="2021-01-03T11:38:13 IST" skipped="0">
  <testcase classname="CaptureScreenshots.TakeSSfromUtilityClass" name="Screenshots" time="32.244"/>
  <system-out/>
</testsuite> <!-- CaptureScreenshots.TakeSSfromUtilityClass -->
