<?xml version="1.0" encoding="UTF-8"?>
<!-- Generated by org.testng.reporters.JUnitReportReporter -->
<testsuite hostname="AKSHAY000111" failures="0" tests="1" name="AlertBox.verifyAlertBox" time="25.448" errors="0" timestamp="2021-01-03T15:02:02 IST" skipped="0">
  <testcase classname="AlertBox.verifyAlertBox" name="alertbox" time="25.448"/>
  <system-out/>
</testsuite> <!-- AlertBox.verifyAlertBox -->
